   Compiling proc-macro2 v1.0.32
   Compiling libc v0.2.108
   Compiling unicode-xid v0.2.2
   Compiling syn v1.0.81
   Compiling cfg-if v1.0.0
   Compiling serde v1.0.130
   Compiling serde_derive v1.0.130
   Compiling autocfg v1.0.1
   Compiling version_check v0.9.3
   Compiling memchr v2.4.1
   Compiling spin v0.5.2
   Compiling typenum v1.14.0
   Compiling semver-parser v0.7.0
   Compiling log v0.4.14
   Compiling subtle v2.4.1
   Compiling getrandom v0.1.16
   Compiling ppv-lite86 v0.2.15
   Compiling regex-syntax v0.6.25
   Compiling block-padding v0.2.1
   Compiling opaque-debug v0.3.0
   Compiling cfg-if v0.1.10
   Compiling cpufeatures v0.2.1
   Compiling byteorder v1.4.3
   Compiling crunchy v0.2.2
   Compiling itoa v0.4.8
   Compiling fnv v1.0.7
   Compiling futures-core v0.3.17
   Compiling pin-project-lite v0.2.7
   Compiling bytes v1.1.0
   Compiling slab v0.4.5
   Compiling termcolor v1.1.2
   Compiling scopeguard v1.1.0
   Compiling proc-macro-hack v0.5.19
   Compiling humantime v2.1.0
   Compiling futures-sink v0.3.17
   Compiling proc-macro-nested v0.1.7
   Compiling once_cell v1.8.0
   Compiling futures-channel v0.3.17
   Compiling feature-probe v0.1.1
   Compiling futures-task v0.3.17
   Compiling either v1.6.1
   Compiling rustversion v1.0.5
   Compiling tinyvec_macros v0.1.0
   Compiling base64 v0.12.3
   Compiling futures-io v0.3.17
   Compiling pin-utils v0.1.0
   Compiling bs58 v0.3.1
   Compiling matches v0.1.9
   Compiling smallvec v1.7.0
   Compiling hashbrown v0.11.2
   Compiling percent-encoding v2.1.0
   Compiling httparse v1.5.1
   Compiling ahash v0.4.7
   Compiling arrayref v0.3.6
   Compiling parking_lot_core v0.8.5
   Compiling arrayvec v0.5.2
   Compiling keccak v0.1.0
   Compiling unicode-bidi v0.3.7
   Compiling constant_time_eq v0.1.5
   Compiling base64 v0.13.0
   Compiling hex v0.4.3
   Compiling untrusted v0.7.1
   Compiling ryu v1.0.5
   Compiling try-lock v0.2.3
   Compiling adler v1.0.2
   Compiling tower-service v0.3.1
   Compiling mime v0.3.16
   Compiling gimli v0.26.1
   Compiling httpdate v1.0.2
   Compiling serde_json v1.0.71
   Compiling failure_derive v0.1.8
   Compiling proc-macro2 v0.4.30
   Compiling rustc-demangle v0.1.21
   Compiling encoding_rs v0.8.29
   Compiling signature v1.4.0
   Compiling unicode-xid v0.1.0
   Compiling syn v0.15.44
   Compiling winapi v0.3.9
   Compiling ipnet v2.3.1
   Compiling assert_matches v1.5.0
   Compiling pkg-config v0.3.22
   Compiling unicode-width v0.1.9
   Compiling bitflags v1.2.1
   Compiling crossbeam-utils v0.8.5
   Compiling remove_dir_all v0.5.3
   Compiling bytes v0.5.6
   Compiling glob v0.3.0
   Compiling crossbeam-epoch v0.9.5
   Compiling rayon-core v1.9.1
   Compiling core-foundation-sys v0.8.3
   Compiling crc32fast v1.2.1
   Compiling zstd-safe v2.0.6+zstd.1.4.7
   Compiling slog v2.7.0
   Compiling anyhow v1.0.48
   Compiling ucd-trie v0.1.3
   Compiling dtoa v0.4.8
   Compiling maybe-uninit v2.0.0
   Compiling pin-project-lite v0.1.12
   Compiling byte-tools v0.3.1
   Compiling base32 v0.4.0
   Compiling vec_map v0.8.2
   Compiling rustc-hash v1.1.0
   Compiling same-file v1.0.6
   Compiling linked-hash-map v0.5.4
   Compiling ansi_term v0.11.0
   Compiling utf-8 v0.7.6
   Compiling strsim v0.8.0
   Compiling stable_deref_trait v1.2.0
   Compiling aliasable v0.1.3
   Compiling pin-project-internal v0.4.28
   Compiling native-tls v0.2.8
   Compiling symlink v0.1.0
   Compiling fake-simd v0.1.2
   Compiling opaque-debug v0.2.3
   Compiling base64 v0.11.0
   Compiling slog-async v2.7.0
   Compiling safemem v0.3.3
   Compiling number_prefix v0.3.0
   Compiling unicode-segmentation v1.8.0
   Compiling rle-decode-fast v1.0.1
   Compiling arc-swap v1.5.0
   Compiling httpdate v0.3.2
   Compiling quick-error v1.2.3
   Compiling take_mut v0.2.2
   Compiling alloc-traits v0.1.1
   Compiling adler32 v1.2.0
   Compiling static_assertions v1.1.0
   Compiling safe-transmute v0.11.2
   Compiling scoped-tls v1.0.0
   Compiling urlencoding v1.3.3
   Compiling strsim v0.10.0
   Compiling debug_print v1.0.0
   Compiling instant v0.1.12
   Compiling libloading v0.6.7
   Compiling lazy_static v1.4.0
   Compiling num-traits v0.2.14
   Compiling futures-macro v0.3.17
   Compiling futures-util v0.3.17
   Compiling indexmap v1.7.0
   Compiling tokio v1.14.0
   Compiling miniz_oxide v0.4.4
   Compiling num-integer v0.1.44
   Compiling memoffset v0.6.4
   Compiling rayon v1.5.1
   Compiling crossbeam-utils v0.7.2
   Compiling generic-array v0.14.4
   Compiling proc-macro-error-attr v1.0.4
   Compiling proc-macro-error v1.0.4
   Compiling unicase v2.6.0
   Compiling semver v0.9.0
   Compiling lock_api v0.4.5
   Compiling lock_api v0.3.4
   Compiling thread_local v1.1.3
   Compiling http v0.2.5
   Compiling bv v0.11.1
   Compiling tinyvec v1.5.1
   Compiling itertools v0.9.0
   Compiling form_urlencoded v1.0.1
   Compiling qstring v0.7.2
   Compiling hashbrown v0.9.1
   Compiling textwrap v0.11.0
   Compiling textwrap v0.14.2
   Compiling input_buffer v0.3.1
   Compiling pest v2.1.3
   Compiling block-padding v0.1.5
   Compiling walkdir v2.3.2
   Compiling yaml-rust v0.4.5
   Compiling addr2line v0.17.0
   Compiling libflate_lz77 v1.1.0
   Compiling heck v0.3.3
   Compiling without-alloc v0.2.1
   Compiling tracing-core v0.1.21
   Compiling uriparse v0.6.3
   Compiling rustc_version v0.2.3
   Compiling unicode-normalization v0.1.19
   Compiling http-body v0.4.4
   Compiling http-body v0.3.1
   Compiling headers-core v0.2.0
   Compiling dir-diff v0.3.2
   Compiling semver-parser v0.10.2
   Compiling aho-corasick v0.7.18
   Compiling object v0.27.1
   Compiling twoway v0.1.8
   Compiling buf_redux v0.8.4
   Compiling os_str_bytes v4.2.0
   Compiling quote v1.0.10
   Compiling jobserver v0.1.24
   Compiling atty v0.2.14
   Compiling num_cpus v1.13.0
   Compiling signal-hook-registry v1.4.0
   Compiling memmap2 v0.1.0
   Compiling iovec v0.1.4
   Compiling getrandom v0.2.3
   Compiling socket2 v0.4.2
   Compiling time v0.1.43
   Compiling terminal_size v0.1.17
   Compiling gethostname v0.2.1
   Compiling net2 v0.2.37
   Compiling dirs-sys-next v0.1.2
   Compiling termios v0.3.3
   Compiling parking_lot_core v0.7.2
   Compiling socket2 v0.3.19
   Compiling filetime v0.2.15
   Compiling rpassword v4.0.5
   Compiling xattr v0.2.2
   Compiling tracing v0.1.29
   Compiling mio v0.7.14
   Compiling want v0.3.0
   Compiling safecoin-frozen-abi-macro v1.7.17 (/Users/cme/xxx/SAFE/ANCHOR_SAFE/Safecoin/frozen-abi/macro)
   Compiling safecoin-frozen-abi v1.7.17 (/Users/cme/xxx/SAFE/ANCHOR_SAFE/Safecoin/frozen-abi)
   Compiling safecoin-program v1.7.17 (/Users/cme/xxx/SAFE/ANCHOR_SAFE/Safecoin/sdk/program)
   Compiling safecoin-sdk v1.7.17 (/Users/cme/xxx/SAFE/ANCHOR_SAFE/Safecoin/sdk)
   Compiling safecoin-frozen-abi-macro v1.7.17
   Compiling safecoin-frozen-abi v1.7.17
   Compiling safecoin-program v1.7.17
   Compiling safecoin-vote-program v1.7.17 (/Users/cme/xxx/SAFE/ANCHOR_SAFE/Safecoin/programs/vote)
   Compiling safecoin-version v1.7.17 (/Users/cme/xxx/SAFE/ANCHOR_SAFE/Safecoin/version)
   Compiling safecoin-stake-program v1.7.17 (/Users/cme/xxx/SAFE/ANCHOR_SAFE/Safecoin/programs/stake)
   Compiling solana-frozen-abi-macro v1.8.5
   Compiling safecoin-runtime v1.7.17 (/Users/cme/xxx/SAFE/ANCHOR_SAFE/Safecoin/runtime)
   Compiling solana-frozen-abi v1.8.5
   Compiling solana-program v1.8.5
   Compiling generic-array v0.12.4
   Compiling quote v0.6.13
   Compiling security-framework-sys v2.4.2
   Compiling core-foundation v0.9.2
   Compiling crossbeam-channel v0.5.1
   Compiling libflate v1.1.1
   Compiling slog-scope v4.4.0
   Compiling idna v0.2.3
   Compiling semver v0.11.0
   Compiling regex v1.5.4
   Compiling cc v1.0.72
   Compiling rand_core v0.5.1
   Compiling clap v2.33.3
   Compiling safecoin-rayon-threadlimit v1.7.17 (/Users/cme/xxx/SAFE/ANCHOR_SAFE/Safecoin/rayon-threadlimit)
   Compiling threadpool v1.8.1
   Compiling bytes v0.4.12
   Compiling parking_lot v0.11.2
   Compiling rand_core v0.6.3
   Compiling dirs-next v2.0.0
   Compiling mio v0.6.23
   Compiling parking_lot v0.10.2
   Compiling tar v0.4.37
   Compiling nix v0.20.2
   Compiling flate2 v1.0.22
   Compiling mime_guess v2.0.3
   Compiling crossbeam-channel v0.4.4
   Compiling digest v0.8.1
   Compiling block-buffer v0.7.3
   Compiling security-framework v2.3.1
   Compiling slog-stdlog v4.1.0
   Compiling url v2.2.2
   Compiling rustc_version v0.3.3
   Compiling env_logger v0.8.4
   Compiling console v0.11.3
   Compiling console v0.14.1
   Compiling Inflector v0.11.4
   Compiling console v0.15.0
   Compiling slog-kvfilter v0.7.0
   Compiling rand_chacha v0.2.2
   Compiling blake3 v0.3.8
   Compiling ring v0.16.20
   Compiling backtrace v0.3.63
   Compiling zstd-sys v1.4.18+zstd.1.4.7
   Compiling hidapi v1.3.0
   Compiling bzip2-sys v0.1.11+1.0.8
   Compiling rand_chacha v0.3.1
   Compiling term v0.7.0
   Compiling mio-uds v0.6.8
   Compiling synstructure v0.12.6
   Compiling borsh-derive-internal v0.9.1
   Compiling borsh-schema-derive-internal v0.9.1
   Compiling borsh-schema-derive-internal v0.8.2
   Compiling borsh-derive-internal v0.8.2
   Compiling crossbeam-deque v0.8.1
   Compiling thiserror-impl v1.0.30
   Compiling bytemuck_derive v1.0.1
   Compiling num-derive v0.3.3
   Compiling tokio-macros v1.6.0
   Compiling safecoin-sdk-macro v1.7.17 (/Users/cme/xxx/SAFE/ANCHOR_SAFE/Safecoin/sdk/macro)
   Compiling derivative v2.2.0
   Compiling safecoin-sdk-macro v1.7.17
   Compiling tokio-macros v0.2.6
   Compiling pin-project-internal v1.0.8
   Compiling solana-sdk-macro v1.8.5
   Compiling trackable_derive v1.0.0
   Compiling enumflags2_derive v0.6.4
   Compiling sha-1 v0.8.2
   Compiling field-offset v0.3.4
   Compiling safecoin-logger v1.7.17 (/Users/cme/xxx/SAFE/ANCHOR_SAFE/Safecoin/logger)
   Compiling safecoin-logger v1.7.17
   Compiling solana-logger v1.8.5
   Compiling indicatif v0.15.0
   Compiling rand v0.7.3
   Compiling rand v0.8.4
   Compiling zeroize_derive v1.2.2
   Compiling ouroboros_macro v0.10.1
   Compiling clap_derive v3.0.0-beta.5 (/Users/cme/xxx/SAFE/ANCHOR_SAFE/clap-latest/clap_derive)
   Compiling bytemuck v1.7.2
   Compiling thiserror v1.0.30
   Compiling tokio v0.2.25
   Compiling trackable v1.2.0
   Compiling pin-project v1.0.8
   Compiling enumflags2 v0.6.4
   Compiling pin-project v0.4.28
   Compiling tempfile v3.2.0
   Compiling zeroize v1.4.3
   Compiling ouroboros v0.10.1
   Compiling clap v3.0.0-beta.5 (/Users/cme/xxx/SAFE/ANCHOR_SAFE/clap-latest)
   Compiling tracing-futures v0.2.5
   Compiling futures-executor v0.3.17
   Compiling tokio-util v0.3.1
   Compiling tokio-util v0.6.9
warning: unused variable: `app`
  --> /Users/cme/xxx/SAFE/ANCHOR_SAFE/clap-latest/src/parse/arg_matcher.rs:26:23
   |
26 |     pub(crate) fn new(app: &App) -> Self {
   |                       ^^^ help: if this is intentional, prefix it with an underscore: `_app`
   |
   = note: `#[warn(unused_variables)]` on by default

   Compiling serde_bytes v0.11.5
   Compiling bincode v1.3.3
   Compiling ed25519 v1.3.0
   Compiling chrono v0.4.19
   Compiling serde_urlencoded v0.7.0
   Compiling serde_yaml v0.8.21
   Compiling serde_urlencoded v0.6.1
   Compiling dialoguer v0.6.2
   Compiling multipart v0.17.1
   Compiling toml v0.5.8
   Compiling curve25519-dalek v2.1.3
   Compiling futures v0.3.17
   Compiling h2 v0.2.7
   Compiling h2 v0.3.7
   Compiling digest v0.9.0
   Compiling block-buffer v0.9.0
   Compiling crypto-mac v0.8.0
   Compiling crypto-mac v0.10.1
   Compiling crypto-mac v0.9.1
   Compiling dashmap v4.0.2
   Compiling failure v0.1.8
   Compiling safecoin-cli-config v1.7.17 (/Users/cme/xxx/SAFE/ANCHOR_SAFE/Safecoin/cli-config)
   Compiling slog-term v2.8.0
   Compiling tungstenite v0.10.1
   Compiling proc-macro-crate v0.1.5
   Compiling proc-macro-crate v1.1.0
   Compiling jsonrpc-core v18.0.0
   Compiling libsecp256k1-core v0.2.2
   Compiling curve25519-dalek v3.2.0
   Compiling sha2 v0.9.8
   Compiling sha3 v0.9.1
   Compiling sha-1 v0.9.8
   Compiling webpki v0.21.4
   Compiling sct v0.6.1
   Compiling hmac v0.8.1
   Compiling pbkdf2 v0.4.0
   Compiling pbkdf2 v0.6.0
   Compiling hmac v0.10.1
   Compiling hmac v0.9.0
   Compiling derivation-path v0.1.3
   Compiling hyper v0.13.10
   Compiling sloggers v1.0.1
   Compiling borsh-derive v0.9.1
   Compiling borsh-derive v0.8.2
   Compiling num_enum_derive v0.5.4
   Compiling ed25519-dalek v1.0.1
   Compiling tungstenite v0.11.1
   Compiling headers v0.3.5
   Compiling rustls v0.19.1
warning: `clap` (lib) generated 1 warning
   Compiling webpki-roots v0.21.1
   Compiling hmac-drbg v0.3.0
   Compiling tiny-bip39 v0.8.2
   Compiling libsecp256k1-gen-genmult v0.2.1
   Compiling libsecp256k1-gen-ecmult v0.2.1
   Compiling borsh v0.9.1
   Compiling ed25519-dalek-bip32 v0.1.1
   Compiling num_enum v0.5.4
   Compiling tokio-tungstenite v0.11.0
   Compiling hyper v0.14.15
   Compiling tokio-rustls v0.22.0
   Compiling libsecp256k1 v0.5.0
   Compiling warp v0.2.5
   Compiling bzip2 v0.3.3
   Compiling hyper-rustls v0.22.1
   Compiling reqwest v0.11.6
   Compiling safecoin-crate-features v1.7.17 (/Users/cme/xxx/SAFE/ANCHOR_SAFE/Safecoin/crate-features)
   Compiling serum-borsh v0.8.1-serum.1
   Compiling safecoin-metrics v1.7.17 (/Users/cme/xxx/SAFE/ANCHOR_SAFE/Safecoin/metrics)
   Compiling safecoin-config-program v1.7.17 (/Users/cme/xxx/SAFE/ANCHOR_SAFE/Safecoin/programs/config)
   Compiling safecoin-remote-wallet v1.7.17 (/Users/cme/xxx/SAFE/ANCHOR_SAFE/Safecoin/remote-wallet)
   Compiling safecoin-secp256k1-program v1.7.17 (/Users/cme/xxx/SAFE/ANCHOR_SAFE/Safecoin/programs/secp256k1)
   Compiling safe-token v3.2.0 (/Users/cme/xxx/SAFE/ANCHOR_SAFE/safecoin-program-library/token/program)
   Compiling safe-token v3.2.0
   Compiling safe-memo v3.0.5
   Compiling safecoin-measure v1.7.17 (/Users/cme/xxx/SAFE/ANCHOR_SAFE/Safecoin/measure)
   Compiling safecoin-clap-utils v1.7.17 (/Users/cme/xxx/SAFE/ANCHOR_SAFE/Safecoin/clap-utils)
   Compiling serum_dex v0.4.0 (/Users/cme/xxx/SAFE/ANCHOR_SAFE/serum-dex/dex)
   Compiling safecoin-faucet v1.7.17 (/Users/cme/xxx/SAFE/ANCHOR_SAFE/Safecoin/faucet)
   Compiling safecoin-net-utils v1.7.17 (/Users/cme/xxx/SAFE/ANCHOR_SAFE/Safecoin/net-utils)
warning: function is never used: `extract_price_from_order_id`
  --> dex/src/matching.rs:48:4
   |
48 | fn extract_price_from_order_id(order_id: u128) -> u64 {
   |    ^^^^^^^^^^^^^^^^^^^^^^^^^^^
   |
   = note: `#[warn(dead_code)]` on by default

warning: associated function is never used: `find_bbo`
  --> dex/src/matching.rs:67:8
   |
67 |     fn find_bbo(&self, side: Side) -> Option<NodeHandle> {
   |        ^^^^^^^^

warning: associated function is never used: `process_orderbook_request`
  --> dex/src/matching.rs:74:19
   |
74 |     pub(crate) fn process_orderbook_request(
   |                   ^^^^^^^^^^^^^^^^^^^^^^^^^

warning: associated function is never used: `zero`
   --> dex/src/matching.rs:190:19
    |
190 |     pub(crate) fn zero() -> Self {
    |                   ^^^^

warning: struct is never constructed: `NewOrderParams`
   --> dex/src/matching.rs:208:19
    |
208 | pub(crate) struct NewOrderParams {
    |                   ^^^^^^^^^^^^^^

warning: struct is never constructed: `OrderRemaining`
   --> dex/src/matching.rs:221:8
    |
221 | struct OrderRemaining {
    |        ^^^^^^^^^^^^^^

warning: associated function is never used: `new_order`
   --> dex/src/matching.rs:227:8
    |
227 |     fn new_order(
    |        ^^^^^^^^^

warning: struct is never constructed: `NewAskParams`
   --> dex/src/matching.rs:315:8
    |
315 | struct NewAskParams {
    |        ^^^^^^^^^^^^

warning: associated function is never used: `new_ask`
   --> dex/src/matching.rs:329:8
    |
329 |     fn new_ask(
    |        ^^^^^^^

warning: struct is never constructed: `NewBidParams`
   --> dex/src/matching.rs:599:8
    |
599 | struct NewBidParams {
    |        ^^^^^^^^^^^^

warning: associated function is never used: `new_bid`
   --> dex/src/matching.rs:614:8
    |
614 |     fn new_bid(
    |        ^^^^^^^

warning: associated function is never used: `cancel_order`
   --> dex/src/matching.rs:998:8
    |
998 |     fn cancel_order(
    |        ^^^^^^^^^^^^

warning: `serum_dex` (lib) generated 12 warnings
   Compiling safe-associated-token-account v1.0.8
   Compiling zstd v0.5.4+zstd.1.4.7
   Compiling safecoin-account-decoder v1.7.17 (/Users/cme/xxx/SAFE/ANCHOR_SAFE/Safecoin/account-decoder)
   Compiling safecoin-transaction-status v1.7.17 (/Users/cme/xxx/SAFE/ANCHOR_SAFE/Safecoin/transaction-status)
   Compiling safecoin-client v1.7.17 (/Users/cme/xxx/SAFE/ANCHOR_SAFE/Safecoin/client)
   Compiling serum-common v0.1.0 (/Users/cme/xxx/SAFE/ANCHOR_SAFE/serum-dex/common)
   Compiling crank v0.2.0 (/Users/cme/xxx/SAFE/ANCHOR_SAFE/serum-dex/dex/crank)
warning: unused import: `enumflags2::BitFlags`
  --> dex/crank/src/lib.rs:16:5
   |
16 | use enumflags2::BitFlags;
   |     ^^^^^^^^^^^^^^^^^^^^
   |
   = note: `#[warn(unused_imports)]` on by default

warning: use of deprecated associated function `safecoin_sdk::commitment_config::CommitmentConfig::recent`: Please use CommitmentConfig::processed() instead
    --> dex/crank/src/lib.rs:1505:82
     |
1505 |             .get_account_with_commitment(&market_keys.event_q, CommitmentConfig::recent())
     |                                                                                  ^^^^^^
     |
     = note: `#[warn(deprecated)]` on by default

warning: use of deprecated associated function `safecoin_sdk::commitment_config::CommitmentConfig::recent`: Please use CommitmentConfig::processed() instead
   --> dex/crank/src/lib.rs:542:88
    |
542 |             client.get_account_with_commitment(&market_keys.event_q, CommitmentConfig::recent())?;
    |                                                                                        ^^^^^^

warning: use of deprecated associated function `safecoin_sdk::commitment_config::CommitmentConfig::recent`: Please use CommitmentConfig::processed() instead
   --> dex/crank/src/lib.rs:558:80
    |
558 |             .get_account_with_commitment(&market_keys.req_q, CommitmentConfig::recent())?
    |                                                                                ^^^^^^

warning: use of deprecated associated function `safecoin_sdk::commitment_config::CommitmentConfig::single`: Please use CommitmentConfig::confirmed() instead
    --> dex/crank/src/lib.rs:1165:81
     |
1165 |         let result = simulate_transaction(client, &txn, true, CommitmentConfig::single())?;
     |                                                                                 ^^^^^^

warning: use of deprecated associated function `safecoin_sdk::commitment_config::CommitmentConfig::single`: Please use CommitmentConfig::confirmed() instead
    --> dex/crank/src/lib.rs:1253:77
     |
1253 |     let result = simulate_transaction(client, &txn, true, CommitmentConfig::single())?;
     |                                                                             ^^^^^^

warning: use of deprecated associated function `safecoin_sdk::commitment_config::CommitmentConfig::single`: Please use CommitmentConfig::confirmed() instead
    --> dex/crank/src/lib.rs:1375:78
     |
1375 |     let result = simulate_transaction(&client, &txn, true, CommitmentConfig::single())?;
     |                                                                              ^^^^^^

warning: unused variable: `header`
   --> dex/crank/src/lib.rs:312:18
    |
312 |             let (header, events_seg0, events_seg1) = parse_event_queue(&inner)?;
    |                  ^^^^^^ help: if this is intentional, prefix it with an underscore: `_header`
    |
    = note: `#[warn(unused_variables)]` on by default

warning: unused variable: `events_seg0`
   --> dex/crank/src/lib.rs:312:26
    |
312 |             let (header, events_seg0, events_seg1) = parse_event_queue(&inner)?;
    |                          ^^^^^^^^^^^ help: if this is intentional, prefix it with an underscore: `_events_seg0`

warning: unused variable: `events_seg1`
   --> dex/crank/src/lib.rs:312:39
    |
312 |             let (header, events_seg0, events_seg1) = parse_event_queue(&inner)?;
    |                                       ^^^^^^^^^^^ help: if this is intentional, prefix it with an underscore: `_events_seg1`

warning: unused variable: `initialized_account`
   --> dex/crank/src/lib.rs:372:17
    |
372 |             let initialized_account = initialize_token_account(&client, mint, &owner)?;
    |                 ^^^^^^^^^^^^^^^^^^^ help: if this is intentional, prefix it with an underscore: `_initialized_account`

warning: unused variable: `event_q`
   --> dex/crank/src/lib.rs:715:5
    |
715 |     event_q: Pubkey,
    |     ^^^^^^^ help: if this is intentional, prefix it with an underscore: `_event_q`

warning: `crank` (lib) generated 12 warnings
    Finished release [optimized] target(s) in 6m 20s
